<?xml version="1.0" encoding="UTF-8"?>
<!-- Generated by org.testng.reporters.JUnitReportReporter -->
<testsuite hostname="LAPTOP-F0LCQNDP" failures="0" tests="2" name="Amazon_Test.A_Homepage" time="19.685" errors="0" timestamp="2024-02-20T15:05:58 IST" skipped="0">
  <testcase classname="Amazon_Test.A_Homepage" name="homepages" time="1.771"/>
  <system-out/>
  <testcase classname="Amazon_Test.A_Homepage" name="ByIphones" time="17.914"/>
  <system-out/>
</testsuite> <!-- Amazon_Test.A_Homepage -->
