<?xml version="1.0" encoding="UTF-8"?>
<!-- Generated by org.testng.reporters.JUnitReportReporter -->
<testsuite hostname="LAPTOP-F0LCQNDP" failures="0" tests="2" name="Amazon_Test.AmazonHomepage" time="16.568" errors="0" timestamp="2024-02-20T15:34:10 IST" skipped="0">
  <testcase classname="Amazon_Test.AmazonHomepage" name="homePages" time="0.891"/>
  <system-out/>
  <testcase classname="Amazon_Test.AmazonHomepage" name="buyIPhones" time="15.677"/>
  <system-out/>
</testsuite> <!-- Amazon_Test.AmazonHomepage -->
