<?xml version="1.0" encoding="UTF-8"?>
<!-- Generated by org.testng.reporters.JUnitReportReporter -->
<testsuite hostname="LAPTOP-F0LCQNDP" failures="0" tests="2" name="Amazon_Test.A_Homepage" time="36.912" errors="0" timestamp="2024-02-20T13:53:37 IST" skipped="0">
  <testcase classname="Amazon_Test.A_Homepage" name="homepages" time="1.597"/>
  <system-out/>
  <testcase classname="Amazon_Test.A_Homepage" name="ByIphones" time="35.315"/>
  <system-out/>
</testsuite> <!-- Amazon_Test.A_Homepage -->
